# JRE version: OpenJDK Runtime Environment (15.0.2+7) (build 15.0.2+7-27)
# Java VM: OpenJDK 64-Bit Server VM (15.0.2+7-27, mixed mode, tiered, compressed oops, g1 gc, windows-amd64)
GC Precious Log:
 CPUs: 4 total, 4 available
 Memory: 8191M
 Large Page Support: Disabled
 NUMA Support: Disabled
 Compressed Oops: Enabled (32-bit)
 Heap Region Size: 1M
 Heap Min Capacity: 8M
 Heap Initial Capacity: 128M
 Heap Max Capacity: 2G
 Pre-touch: Disabled
 Parallel Workers: 4
 Concurrent Workers: 1
 Concurrent Refinement Workers: 4
 Periodic GC: Disabled
Heap:
 garbage-first heap   total 96256K, used 59201K [0x0000000080000000, 0x0000000100000000)
  region size 1024K, 27 young (27648K), 4 survivors (4096K)
 Metaspace       used 68518K, capacity 69229K, committed 69360K, reserved 1110016K
  class space    used 8405K, capacity 8651K, committed 8692K, reserved 1048576K
GC Heap History (20 events):
Event: 10.278 GC heap before
{Heap before GC invocations=26 (full 0):
 garbage-first heap   total 114688K, used 92319K [0x0000000080000000, 0x0000000100000000)
  region size 1024K, 67 young (68608K), 7 survivors (7168K)
 Metaspace       used 67402K, capacity 68037K, committed 68208K, reserved 1110016K
  class space    used 8249K, capacity 8474K, committed 8564K, reserved 1048576K
}
Event: 10.285 GC heap after
{Heap after GC invocations=27 (full 0):
 garbage-first heap   total 114688K, used 32747K [0x0000000080000000, 0x0000000100000000)
  region size 1024K, 6 young (6144K), 6 survivors (6144K)
 Metaspace       used 67402K, capacity 68037K, committed 68208K, reserved 1110016K
  class space    used 8249K, capacity 8474K, committed 8564K, reserved 1048576K
}
Event: 173.381 GC heap before
{Heap before GC invocations=27 (full 0):
 garbage-first heap   total 114688K, used 55275K [0x0000000080000000, 0x0000000100000000)
  region size 1024K, 30 young (30720K), 6 survivors (6144K)
 Metaspace       used 67977K, capacity 68567K, committed 68720K, reserved 1110016K
  class space    used 8343K, capacity 8544K, committed 8564K, reserved 1048576K
}
Event: 173.412 GC heap after
{Heap after GC invocations=28 (full 1):
 garbage-first heap   total 96256K, used 27918K [0x0000000080000000, 0x0000000100000000)
  region size 1024K, 0 young (0K), 0 survivors (0K)
 Metaspace       used 67970K, capacity 68555K, committed 68720K, reserved 1110016K
  class space    used 8342K, capacity 8542K, committed 8564K, reserved 1048576K
}
Event: 173.757 GC heap before
{Heap before GC invocations=28 (full 1):
 garbage-first heap   total 96256K, used 78094K [0x0000000080000000, 0x0000000100000000)
  region size 1024K, 50 young (51200K), 0 survivors (0K)
 Metaspace       used 68075K, capacity 68754K, committed 69104K, reserved 1110016K
  class space    used 8357K, capacity 8587K, committed 8692K, reserved 1048576K
}
Event: 173.760 GC heap after
{Heap after GC invocations=29 (full 1):
 garbage-first heap   total 96256K, used 31250K [0x0000000080000000, 0x0000000100000000)
  region size 1024K, 4 young (4096K), 4 survivors (4096K)
 Metaspace       used 68075K, capacity 68754K, committed 69104K, reserved 1110016K
  class space    used 8357K, capacity 8587K, committed 8692K, reserved 1048576K
}
Event: 173.859 GC heap before
{Heap before GC invocations=29 (full 1):
 garbage-first heap   total 96256K, used 77330K [0x0000000080000000, 0x0000000100000000)
  region size 1024K, 50 young (51200K), 4 survivors (4096K)
 Metaspace       used 68135K, capacity 68830K, committed 69104K, reserved 1110016K
  class space    used 8364K, capacity 8589K, committed 8692K, reserved 1048576K
}
Event: 173.863 GC heap after
{Heap after GC invocations=30 (full 1):
 garbage-first heap   total 96256K, used 32012K [0x0000000080000000, 0x0000000100000000)
  region size 1024K, 4 young (4096K), 4 survivors (4096K)
 Metaspace       used 68135K, capacity 68830K, committed 69104K, reserved 1110016K
  class space    used 8364K, capacity 8589K, committed 8692K, reserved 1048576K
}
Event: 174.053 GC heap before
{Heap before GC invocations=30 (full 1):
 garbage-first heap   total 96256K, used 79116K [0x0000000080000000, 0x0000000100000000)
  region size 1024K, 50 young (51200K), 4 survivors (4096K)
 Metaspace       used 68235K, capacity 68927K, committed 69104K, reserved 1110016K
  class space    used 8374K, capacity 8596K, committed 8692K, reserved 1048576K
}
Event: 174.057 GC heap after
{Heap after GC invocations=31 (full 1):
 garbage-first heap   total 96256K, used 33152K [0x0000000080000000, 0x0000000100000000)
  region size 1024K, 3 young (3072K), 3 survivors (3072K)
 Metaspace       used 68235K, capacity 68927K, committed 69104K, reserved 1110016K
  class space    used 8374K, capacity 8596K, committed 8692K, reserved 1048576K
}
Event: 175.811 GC heap before
{Heap before GC invocations=31 (full 1):
 garbage-first heap   total 96256K, used 74112K [0x0000000080000000, 0x0000000100000000)
  region size 1024K, 44 young (45056K), 3 survivors (3072K)
 Metaspace       used 68247K, capacity 68939K, committed 69104K, reserved 1110016K
  class space    used 8376K, capacity 8600K, committed 8692K, reserved 1048576K
}
Event: 175.850 GC heap after
{Heap after GC invocations=32 (full 2):
 garbage-first heap   total 96256K, used 30580K [0x0000000080000000, 0x0000000100000000)
  region size 1024K, 0 young (0K), 0 survivors (0K)
 Metaspace       used 68239K, capacity 68927K, committed 69104K, reserved 1110016K
  class space    used 8375K, capacity 8598K, committed 8692K, reserved 1048576K
}
Event: 176.156 GC heap before
{Heap before GC invocations=32 (full 2):
 garbage-first heap   total 96256K, used 76660K [0x0000000080000000, 0x0000000100000000)
  region size 1024K, 46 young (47104K), 0 survivors (0K)
 Metaspace       used 68335K, capacity 69065K, committed 69360K, reserved 1110016K
  class space    used 8389K, capacity 8644K, committed 8692K, reserved 1048576K
}
Event: 176.159 GC heap after
{Heap after GC invocations=33 (full 2):
 garbage-first heap   total 96256K, used 33652K [0x0000000080000000, 0x0000000100000000)
  region size 1024K, 3 young (3072K), 3 survivors (3072K)
 Metaspace       used 68335K, capacity 69065K, committed 69360K, reserved 1110016K
  class space    used 8389K, capacity 8644K, committed 8692K, reserved 1048576K
}
Event: 176.204 GC heap before
{Heap before GC invocations=33 (full 2):
 garbage-first heap   total 96256K, used 76660K [0x0000000080000000, 0x0000000100000000)
  region size 1024K, 46 young (47104K), 3 survivors (3072K)
 Metaspace       used 68335K, capacity 69065K, committed 69360K, reserved 1110016K
  class space    used 8389K, capacity 8644K, committed 8692K, reserved 1048576K
}
Event: 176.207 GC heap after
{Heap after GC invocations=34 (full 2):
 garbage-first heap   total 96256K, used 33791K [0x0000000080000000, 0x0000000100000000)
  region size 1024K, 4 young (4096K), 4 survivors (4096K)
 Metaspace       used 68335K, capacity 69065K, committed 69360K, reserved 1110016K
  class space    used 8389K, capacity 8644K, committed 8692K, reserved 1048576K
}
Event: 176.440 GC heap before
{Heap before GC invocations=34 (full 2):
 garbage-first heap   total 96256K, used 77823K [0x0000000080000000, 0x0000000100000000)
  region size 1024K, 47 young (48128K), 4 survivors (4096K)
 Metaspace       used 68484K, capacity 69223K, committed 69360K, reserved 1110016K
  class space    used 8402K, capacity 8649K, committed 8692K, reserved 1048576K
}
Event: 176.450 GC heap after
{Heap after GC invocations=35 (full 2):
 garbage-first heap   total 96256K, used 35403K [0x0000000080000000, 0x0000000100000000)
  region size 1024K, 5 young (5120K), 5 survivors (5120K)
 Metaspace       used 68484K, capacity 69223K, committed 69360K, reserved 1110016K
  class space    used 8402K, capacity 8649K, committed 8692K, reserved 1048576K
}
Event: 176.612 GC heap before
{Heap before GC invocations=35 (full 2):
 garbage-first heap   total 96256K, used 78411K [0x0000000080000000, 0x0000000100000000)
  region size 1024K, 47 young (48128K), 5 survivors (5120K)
 Metaspace       used 68489K, capacity 69229K, committed 69360K, reserved 1110016K
  class space    used 8403K, capacity 8651K, committed 8692K, reserved 1048576K
}
Event: 176.624 GC heap after
{Heap after GC invocations=36 (full 2):
 garbage-first heap   total 96256K, used 36673K [0x0000000080000000, 0x0000000100000000)
  region size 1024K, 4 young (4096K), 4 survivors (4096K)
 Metaspace       used 68489K, capacity 69229K, committed 69360K, reserved 1110016K
  class space    used 8403K, capacity 8651K, committed 8692K, reserved 1048576K
}

